<?xml version="1.0" encoding="UTF-8" ?>
<testsuite tests="1" failures="0" name="com.xiaozhu.OSSTest" time="1.159" errors="0" skipped="0">
  <properties>
    <property name="idea.version" value="2021.3.1"/>
    <property name="java.runtime.name" value="Java(TM) SE Runtime Environment"/>
    <property name="sun.boot.library.path" value="D:\software\jdk1.8\jre\bin"/>
    <property name="java.vm.version" value="25.281-b09"/>
    <property name="java.vm.vendor" value="Oracle Corporation"/>
    <property name="maven.multiModuleProjectDirectory" value="D:\XZBlog"/>
    <property name="java.vendor.url" value="http://java.oracle.com/"/>
    <property name="path.separator" value=";"/>
    <property name="guice.disable.misplaced.annotation.check" value="true"/>
    <property name="java.vm.name" value="Java HotSpot(TM) 64-Bit Server VM"/>
    <property name="file.encoding.pkg" value="sun.io"/>
    <property name="user.script" value=""/>
    <property name="user.country" value="CN"/>
    <property name="sun.java.launcher" value="SUN_STANDARD"/>
    <property name="sun.os.patch.level" value=""/>
    <property name="java.vm.specification.name" value="Java Virtual Machine Specification"/>
    <property name="user.dir" value="D:\XZBlog"/>
    <property name="java.runtime.version" value="1.8.0_281-b09"/>
    <property name="java.awt.graphicsenv" value="sun.awt.Win32GraphicsEnvironment"/>
    <property name="java.endorsed.dirs" value="D:\software\jdk1.8\jre\lib\endorsed"/>
    <property name="os.arch" value="amd64"/>
    <property name="java.io.tmpdir" value="C:\Users\刘沛铖\AppData\Local\Temp\"/>
    <property name="line.separator" value="
"/>
    <property name="java.vm.specification.vendor" value="Oracle Corporation"/>
    <property name="user.variant" value=""/>
    <property name="os.name" value="Windows 10"/>
    <property name="maven.ext.class.path" value="D:\software\IntelliJ IDEA 2021.3.1\plugins\maven\lib\maven-event-listener.jar"/>
    <property name="classworlds.conf" value="D:\software\apache-maven-3.8.1-bin\apache-maven-3.8.1\bin\m2.conf"/>
    <property name="sun.jnu.encoding" value="GBK"/>
    <property name="java.library.path" value="D:\software\jdk1.8\bin;C:\WINDOWS\Sun\Java\bin;C:\WINDOWS\system32;C:\WINDOWS;C:\Program Files\NVIDIA GPU Computing Toolkit\CUDA\v10.0\bin;C:\Program Files\NVIDIA GPU Computing Toolkit\CUDA\v10.0\libnvvp;C:\Program Files (x86)\Common Files\Oracle\Java\javapath;C:\Windows\system32;C:\Windows;C:\Windows\System32\Wbem;C:\Windows\System32\WindowsPowerShell\v1.0\;C:\Windows\System32\OpenSSH\;C:\Program Files (x86)\NVIDIA Corporation\PhysX\Common;C:\Program Files\NVIDIA Corporation\NVIDIA NvDLISR;C:\WINDOWS\system32;C:\WINDOWS;C:\WINDOWS\System32\Wbem;C:\WINDOWS\System32\WindowsPowerShell\v1.0\;C:\WINDOWS\System32\OpenSSH\;D:\software\Bandizip\;D:\software\jdk1.8\bin;D:\software\apache-maven-3.8.1-bin\apache-maven-3.8.1\bin;D:\software\Git\cmd;D:\software\nodejs\;D:\mysql-8.0.32-winx64\bin;D:\software\anaconda;D:\software\anaconda\Library\mingw-w64\bin;D:\software\anaconda\Library\usr\bin;D:\software\anaconda\Library\bin;D:\software\anaconda\Scripts;C:\Users\刘沛铖\AppData\Local\Microsoft\WindowsApps;D:\software\IntelliJ IDEA 2021.3.1\bin;;D:\software\Microsoft VS Code\bin;C:\Users\刘沛铖\AppData\Roaming\npm;D:\mysql-8.0.32-winx64\bin;;."/>
    <property name="maven.conf" value="D:\software\apache-maven-3.8.1-bin\apache-maven-3.8.1/conf"/>
    <property name="java.specification.name" value="Java Platform API Specification"/>
    <property name="java.class.version" value="52.0"/>
    <property name="sun.management.compiler" value="HotSpot 64-Bit Tiered Compilers"/>
    <property name="maven.repo.local" value="D:\software\apache-maven-3.8.1-bin\apache-maven-3.8.1\repo"/>
    <property name="os.version" value="10.0"/>
    <property name="user.home" value="C:\Users\刘沛铖"/>
    <property name="user.timezone" value="Asia/Shanghai"/>
    <property name="java.awt.printerjob" value="sun.awt.windows.WPrinterJob"/>
    <property name="java.specification.version" value="1.8"/>
    <property name="file.encoding" value="UTF-8"/>
    <property name="user.name" value="刘沛铖"/>
    <property name="java.class.path" value="D:\software\apache-maven-3.8.1-bin\apache-maven-3.8.1\boot\plexus-classworlds-2.6.0.jar;D:\software\apache-maven-3.8.1-bin\apache-maven-3.8.1\boot\plexus-classworlds.license;D:\software\IntelliJ IDEA 2021.3.1\lib\idea_rt.jar"/>
    <property name="java.vm.specification.version" value="1.8"/>
    <property name="sun.arch.data.model" value="64"/>
    <property name="java.home" value="D:\software\jdk1.8\jre"/>
    <property name="sun.java.command" value="org.codehaus.classworlds.Launcher -Didea.version=2021.3.1 -s D:\software\apache-maven-3.8.1-bin\apache-maven-3.8.1\conf\settings.xml -Dmaven.repo.local=D:\software\apache-maven-3.8.1-bin\apache-maven-3.8.1\repo install"/>
    <property name="java.specification.vendor" value="Oracle Corporation"/>
    <property name="user.language" value="zh"/>
    <property name="awt.toolkit" value="sun.awt.windows.WToolkit"/>
    <property name="java.vm.info" value="mixed mode"/>
    <property name="java.version" value="1.8.0_281"/>
    <property name="java.ext.dirs" value="D:\software\jdk1.8\jre\lib\ext;C:\WINDOWS\Sun\Java\lib\ext"/>
    <property name="sun.boot.class.path" value="D:\software\jdk1.8\jre\lib\resources.jar;D:\software\jdk1.8\jre\lib\rt.jar;D:\software\jdk1.8\jre\lib\sunrsasign.jar;D:\software\jdk1.8\jre\lib\jsse.jar;D:\software\jdk1.8\jre\lib\jce.jar;D:\software\jdk1.8\jre\lib\charsets.jar;D:\software\jdk1.8\jre\lib\jfr.jar;D:\software\jdk1.8\jre\classes"/>
    <property name="java.vendor" value="Oracle Corporation"/>
    <property name="maven.home" value="D:\software\apache-maven-3.8.1-bin\apache-maven-3.8.1"/>
    <property name="file.separator" value="\"/>
    <property name="java.vendor.url.bug" value="http://bugreport.sun.com/bugreport/"/>
    <property name="sun.cpu.endian" value="little"/>
    <property name="sun.io.unicode.encoding" value="UnicodeLittle"/>
    <property name="sun.desktop" value="windows"/>
    <property name="sun.cpu.isalist" value="amd64"/>
  </properties>
  <testcase classname="com.xiaozhu.OSSTest" name="com.xiaozhu.OSSTest.testOss" time="1.159"/>
</testsuite>